#-----------------------------------------------------------
# Vivado v2021.1 (64-bit)
# SW Build 3247384 on Thu Jun 10 19:36:33 MDT 2021
# IP Build 3246043 on Fri Jun 11 00:30:35 MDT 2021
# Start of session at: Sat Sep 23 22:00:17 2023
# Process ID: 15748
# Current directory: E:/FPGAProject/01102022/FPGAResearch/Z_Fresh/CVNN/Vivado/Vivado/scratch_2
# Command line: vivado.exe -gui_launcher_event rodinguilauncherevent20600 E:\FPGAProject\01102022\FPGAResearch\Z_Fresh\CVNN\Vivado\Vivado\scratch_2\scratch_2.xpr
# Log file: E:/FPGAProject/01102022/FPGAResearch/Z_Fresh/CVNN/Vivado/Vivado/scratch_2/vivado.log
# Journal file: E:/FPGAProject/01102022/FPGAResearch/Z_Fresh/CVNN/Vivado/Vivado/scratch_2\vivado.jou
#-----------------------------------------------------------
start_gui
open_project E:/FPGAProject/01102022/FPGAResearch/Z_Fresh/CVNN/Vivado/Vivado/scratch_2/scratch_2.xpr
WARNING: [filemgmt 56-3] Default IP Output Path : Could not find the directory 'E:/FPGAProject/01102022/FPGAResearch/Z_Fresh/CVNN/Vivado/Vivado/scratch_2/scratch_2.gen/sources_1'.
Scanning sources...
Finished scanning sources
INFO: [IP_Flow 19-234] Refreshing IP repositories
INFO: [IP_Flow 19-1704] No user IP repositories specified
INFO: [IP_Flow 19-2313] Loaded Vivado IP repository 'C:/Xilinx/Vivado/2021.1/data/ip'.
open_project: Time (s): cpu = 00:00:06 ; elapsed = 00:00:06 . Memory (MB): peak = 1282.516 ; gain = 0.000
update_compile_order -fileset sources_1
launch_simulation
Command: launch_simulation 
INFO: [Vivado 12-12493] Simulation top is 'nn_tb'
INFO: [Vivado 12-5682] Launching behavioral simulation in 'E:/FPGAProject/01102022/FPGAResearch/Z_Fresh/CVNN/Vivado/Vivado/scratch_2/scratch_2.sim/sim_1/behav/xsim'
INFO: [SIM-utils-51] Simulation object is 'sim_1'
INFO: [SIM-utils-72] Using boost library from 'C:/Xilinx/Vivado/2021.1/tps/boost_1_72_0'
INFO: [SIM-utils-54] Inspecting design source files for 'nn_tb' in fileset 'sim_1'...
INFO: [USF-XSim-97] Finding global include files...
INFO: [USF-XSim-98] Fetching design files from 'sim_1'...
INFO: [USF-XSim-2] XSim::Compile design
INFO: [USF-XSim-61] Executing 'COMPILE and ANALYZE' step in 'E:/FPGAProject/01102022/FPGAResearch/Z_Fresh/CVNN/Vivado/Vivado/scratch_2/scratch_2.sim/sim_1/behav/xsim'
"xvhdl --incr --relax -prj nn_tb_vhdl.prj"
INFO: [USF-XSim-69] 'compile' step finished in '2' seconds
INFO: [USF-XSim-3] XSim::Elaborate design
INFO: [USF-XSim-61] Executing 'ELABORATE' step in 'E:/FPGAProject/01102022/FPGAResearch/Z_Fresh/CVNN/Vivado/Vivado/scratch_2/scratch_2.sim/sim_1/behav/xsim'
"xelab -wto 80237420594e4b2daacdb2500e0586da --incr --debug typical --relax --mt 2 -L xil_defaultlib -L secureip --snapshot nn_tb_behav xil_defaultlib.nn_tb -log elaborate.log"
Vivado Simulator v2021.1
Copyright 1986-1999, 2001-2021 Xilinx, Inc. All Rights Reserved.
Running: C:/Xilinx/Vivado/2021.1/bin/unwrapped/win64.o/xelab.exe -wto 80237420594e4b2daacdb2500e0586da --incr --debug typical --relax --mt 2 -L xil_defaultlib -L secureip --snapshot nn_tb_behav xil_defaultlib.nn_tb -log elaborate.log 
Using 2 slave threads.
Starting static elaboration
Completed static elaboration
INFO: [XSIM 43-4323] No Change in HDL. Linking previously generated obj files to create kernel
INFO: [USF-XSim-69] 'elaborate' step finished in '2' seconds
INFO: [USF-XSim-4] XSim::Simulate design
INFO: [USF-XSim-61] Executing 'SIMULATE' step in 'E:/FPGAProject/01102022/FPGAResearch/Z_Fresh/CVNN/Vivado/Vivado/scratch_2/scratch_2.sim/sim_1/behav/xsim'
INFO: [USF-XSim-98] *** Running xsim
   with args "nn_tb_behav -key {Behavioral:sim_1:Functional:nn_tb} -tclbatch {nn_tb.tcl} -view {E:/FPGAProject/01102022/FPGAResearch/Z_Fresh/CVNN/Vivado/Vivado/scratch_1/nn_tb_behav.wcfg} -log {simulate.log}"
INFO: [USF-XSim-8] Loading simulator feature
Time resolution is 1 ps
open_wave_config E:/FPGAProject/01102022/FPGAResearch/Z_Fresh/CVNN/Vivado/Vivado/scratch_1/nn_tb_behav.wcfg
WARNING: Simulation object /nn_tb/NN_unit/TEMP_8_STEP_REAL was not found in the design.
WARNING: Simulation object /nn_tb/NN_unit/TEMP_8_STEP_IMAG was not found in the design.
source nn_tb.tcl
# set curr_wave [current_wave_config]
# if { [string length $curr_wave] == 0 } {
#   if { [llength [get_objects]] > 0} {
#     add_wave /
#     set_property needs_save false [current_wave_config]
#   } else {
#      send_msg_id Add_Wave-1 WARNING "No top level signals found. Simulator will start without a wave window. If you want to open a wave window go to 'File->New Waveform Configuration' or type 'create_wave_config' in the TCL console."
#   }
# }
# run 1000ns
INFO: [USF-XSim-96] XSim completed. Design snapshot 'nn_tb_behav' loaded.
INFO: [USF-XSim-97] XSim simulation ran for 1000ns
launch_simulation: Time (s): cpu = 00:00:05 ; elapsed = 00:00:08 . Memory (MB): peak = 1282.516 ; gain = 0.000
close_sim
INFO: [Simtcl 6-16] Simulation closed
exit
INFO: [Common 17-206] Exiting Vivado at Sat Sep 23 22:04:12 2023...
